<?xml version="1.0" encoding="UTF-8"?>
<!-- Generated by org.testng.reporters.JUnitReportReporter -->
<testsuite hostname="DESKTOP-JGGV311" failures="0" tests="3" name="com.HRM.tests.LoginTest" time="54.878" errors="0" timestamp="2023-09-05T00:56:06 IST" skipped="0">
  <testcase classname="com.HRM.tests.LoginTest" name="validatetitletest" time="11.330"/>
  <testcase classname="com.HRM.tests.LoginTest" name="validatelogotest" time="14.494"/>
  <testcase classname="com.HRM.tests.LoginTest" name="logintest" time="29.054"/>
</testsuite> <!-- com.HRM.tests.LoginTest -->
