<?xml version="1.0" encoding="UTF-8"?>
<!-- Generated by org.testng.reporters.JUnitReportReporter -->
<testsuite hostname="DESKTOP-JGGV311" failures="0" tests="2" name="com.HRM.tests.Homepagetest" time="52.300" errors="0" timestamp="2024-07-13T20:50:30 IST" skipped="0">
  <testcase classname="com.HRM.tests.Homepagetest" name="validatehomepagelogo" time="21.893"/>
  <system-out/>
  <testcase classname="com.HRM.tests.Homepagetest" name="adminlinktest" time="30.407"/>
  <system-out/>
</testsuite> <!-- com.HRM.tests.Homepagetest -->
