<?xml version="1.0" encoding="UTF-8"?>
<!-- Generated by org.testng.reporters.JUnitReportReporter -->
<testsuite hostname="DESKTOP-JGGV311" failures="0" tests="2" name="com.HRM.tests.Adminpagetest" time="69.694" errors="0" timestamp="2024-07-13T20:50:30 IST" skipped="0">
  <testcase classname="com.HRM.tests.Adminpagetest" name="adminlogotest" time="24.927"/>
  <system-out/>
  <testcase classname="com.HRM.tests.Adminpagetest" name="linktest" time="44.767"/>
  <system-out/>
</testsuite> <!-- com.HRM.tests.Adminpagetest -->
