<?xml version="1.0" encoding="UTF-8"?>
<!-- Generated by org.testng.reporters.JUnitReportReporter -->
<testsuite hostname="DESKTOP-JGGV311" failures="0" tests="3" name="com.HRM.tests.LoginTest" time="54.962" errors="0" timestamp="2024-07-17T21:22:10 IST" skipped="0">
  <testcase classname="com.HRM.tests.LoginTest" name="validatetitletest" time="23.563"/>
  <system-out/>
  <testcase classname="com.HRM.tests.LoginTest" name="validatelogotest" time="15.659"/>
  <system-out/>
  <testcase classname="com.HRM.tests.LoginTest" name="logintest" time="15.740"/>
  <system-out/>
</testsuite> <!-- com.HRM.tests.LoginTest -->
