<?xml version="1.0" encoding="UTF-8"?>
<!-- Generated by org.testng.reporters.JUnitReportReporter -->
<testsuite hostname="DESKTOP-JGGV311" failures="0" tests="1" name="com.HRM.tests.sample" time="56.520" errors="0" timestamp="2023-08-30T22:51:49 IST" skipped="0">
  <testcase classname="com.HRM.tests.sample" name="main" time="56.520"/>
</testsuite> <!-- com.HRM.tests.sample -->
