<?xml version="1.0" encoding="UTF-8"?>
<!-- Generated by org.testng.reporters.JUnitReportReporter -->
<testsuite hostname="DESKTOP-JGGV311" failures="0" tests="3" name="com.HRM.tests.LoginTest" time="60.557" errors="0" timestamp="2024-07-13T20:50:30 IST" skipped="0">
  <testcase classname="com.HRM.tests.LoginTest" name="validatetitletest" time="25.148"/>
  <system-out/>
  <testcase classname="com.HRM.tests.LoginTest" name="validatelogotest" time="16.006"/>
  <system-out/>
  <testcase classname="com.HRM.tests.LoginTest" name="logintest" time="19.403"/>
  <system-out/>
</testsuite> <!-- com.HRM.tests.LoginTest -->
