<?xml version="1.0" encoding="UTF-8"?>
<!-- Generated by org.testng.reporters.JUnitReportReporter -->
<testsuite hostname="DESKTOP-JGGV311" failures="0" tests="2" name="com.HRM.tests.Adminpagetest" time="64.818" errors="0" timestamp="2024-07-17T21:22:10 IST" skipped="0">
  <testcase classname="com.HRM.tests.Adminpagetest" name="adminlogotest" time="23.515"/>
  <system-out/>
  <testcase classname="com.HRM.tests.Adminpagetest" name="linktest" time="41.303"/>
  <system-out/>
</testsuite> <!-- com.HRM.tests.Adminpagetest -->
